Compiling the C compiler identification source file "CMakeCCompilerId.c" failed.
Compiler: /usr/bin/arm-none-eabi-gcc 
Build flags: 
Id flags:  

The output was:
1
/usr/lib/gcc/arm-none-eabi/8.3.1/../../../arm-none-eabi/bin/ld: /usr/lib/gcc/arm-none-eabi/8.3.1/../../../arm-none-eabi/lib/libc.a(lib_a-exit.o): in function `exit':
/build/newlib-kGgvwE/newlib-3.3.0/build/arm-none-eabi/newlib/libc/stdlib/../../../../../newlib/libc/stdlib/exit.c:64: undefined reference to `_exit'
collect2: error: ld returned 1 exit status


Compiling the CXX compiler identification source file "CMakeCXXCompilerId.cpp" failed.
Compiler: /usr/bin/arm-none-eabi-g++ 
Build flags: 
Id flags:  

The output was:
1
/usr/lib/gcc/arm-none-eabi/8.3.1/../../../arm-none-eabi/bin/ld: /usr/lib/gcc/arm-none-eabi/8.3.1/../../../arm-none-eabi/lib/libc.a(lib_a-exit.o): in function `exit':
/build/newlib-kGgvwE/newlib-3.3.0/build/arm-none-eabi/newlib/libc/stdlib/../../../../../newlib/libc/stdlib/exit.c:64: undefined reference to `_exit'
collect2: error: ld returned 1 exit status


Detecting C compiler ABI info failed to compile with the following output:
Change Dir: /home/pi/Project/ble-midi2usbhost/lib/ring_buffer_lib/build/CMakeFiles/CMakeTmp

Run Build Command(s):/usr/bin/gmake cmTC_0f7e0/fast && /usr/bin/gmake  -f CMakeFiles/cmTC_0f7e0.dir/build.make CMakeFiles/cmTC_0f7e0.dir/build
gmake[1]: Entering directory '/home/pi/Project/ble-midi2usbhost/lib/ring_buffer_lib/build/CMakeFiles/CMakeTmp'
Building C object CMakeFiles/cmTC_0f7e0.dir/CMakeCCompilerABI.c.o
/usr/bin/arm-none-eabi-gcc   -v -o CMakeFiles/cmTC_0f7e0.dir/CMakeCCompilerABI.c.o -c /usr/share/cmake-3.18/Modules/CMakeCCompilerABI.c
Using built-in specs.
COLLECT_GCC=/usr/bin/arm-none-eabi-gcc
Target: arm-none-eabi
Configured with: ../configure --build=aarch64-linux-gnu --prefix=/usr --includedir='/usr/lib/include' --mandir='/usr/lib/share/man' --infodir='/usr/lib/share/info' --sysconfdir=/etc --localstatedir=/var --disable-option-checking --disable-silent-rules --libdir='/usr/lib/lib/aarch64-linux-gnu' --libexecdir='/usr/lib/lib/aarch64-linux-gnu' --disable-maintainer-mode --disable-dependency-tracking --mandir=/usr/share/man --enable-languages=c,c++,lto --enable-multilib --disable-decimal-float --disable-libffi --disable-libgomp --disable-libmudflap --disable-libquadmath --disable-libssp --disable-libstdcxx-pch --disable-nls --disable-shared --disable-threads --enable-tls --build=aarch64-linux-gnu --target=arm-none-eabi --with-system-zlib --with-gnu-as --with-gnu-ld --with-pkgversion=15:8-2019-q3-1+b1 --without-included-gettext --prefix=/usr/lib --infodir=/usr/share/doc/gcc-arm-none-eabi/info --htmldir=/usr/share/doc/gcc-arm-none-eabi/html --pdfdir=/usr/share/doc/gcc-arm-none-eabi/pdf --bindir=/usr/bin --libexecdir=/usr/lib --libdir=/usr/lib --disable-libstdc++-v3 --host=aarch64-linux-gnu --with-headers=no --without-newlib --with-multilib-list=rmprofile CFLAGS='-g -O2 -fdebug-prefix-map=/build/gcc-arm-none-eabi-R3yFaL/gcc-arm-none-eabi-8-2019-q3=. -fstack-protector-strong' CPPFLAGS='-Wdate-time -D_FORTIFY_SOURCE=2' CXXFLAGS='-g -O2 -fdebug-prefix-map=/build/gcc-arm-none-eabi-R3yFaL/gcc-arm-none-eabi-8-2019-q3=. -fstack-protector-strong' FCFLAGS='-g -O2 -fdebug-prefix-map=/build/gcc-arm-none-eabi-R3yFaL/gcc-arm-none-eabi-8-2019-q3=. -fstack-protector-strong' FFLAGS='-g -O2 -fdebug-prefix-map=/build/gcc-arm-none-eabi-R3yFaL/gcc-arm-none-eabi-8-2019-q3=. -fstack-protector-strong' GCJFLAGS='-g -O2 -fdebug-prefix-map=/build/gcc-arm-none-eabi-R3yFaL/gcc-arm-none-eabi-8-2019-q3=. -fstack-protector-strong' LDFLAGS=-Wl,-z,relro OBJCFLAGS='-g -O2 -fdebug-prefix-map=/build/gcc-arm-none-eabi-R3yFaL/gcc-arm-none-eabi-8-2019-q3=. -fstack-protector-strong' OBJCXXFLAGS='-g -O2 -fdebug-prefix-map=/build/gcc-arm-none-eabi-R3yFaL/gcc-arm-none-eabi-8-2019-q3=. -fstack-protector-strong' INHIBIT_LIBC_CFLAGS=-DUSE_TM_CLONE_REGISTRY=0 AR_FOR_TARGET=arm-none-eabi-ar AS_FOR_TARGET=arm-none-eabi-as LD_FOR_TARGET=arm-none-eabi-ld NM_FOR_TARGET=arm-none-eabi-nm OBJDUMP_FOR_TARGET=arm-none-eabi-objdump RANLIB_FOR_TARGET=arm-none-eabi-ranlib READELF_FOR_TARGET=arm-none-eabi-readelf STRIP_FOR_TARGET=arm-none-eabi-strip
Thread model: single
gcc version 8.3.1 20190703 (release) [gcc-8-branch revision 273027] (15:8-2019-q3-1+b1) 
COLLECT_GCC_OPTIONS='-v' '-o' 'CMakeFiles/cmTC_0f7e0.dir/CMakeCCompilerABI.c.o' '-c' '-mcpu=arm7tdmi' '-mfloat-abi=soft' '-marm' '-march=armv4t'
 /usr/lib/gcc/arm-none-eabi/8.3.1/cc1 -quiet -v -D__USES_INITFINI__ /usr/share/cmake-3.18/Modules/CMakeCCompilerABI.c -quiet -dumpbase CMakeCCompilerABI.c -mcpu=arm7tdmi -mfloat-abi=soft -marm -march=armv4t -auxbase-strip CMakeFiles/cmTC_0f7e0.dir/CMakeCCompilerABI.c.o -version -o /tmp/cceyWKok.s
GNU C17 (15:8-2019-q3-1+b1) version 8.3.1 20190703 (release) [gcc-8-branch revision 273027] (arm-none-eabi)
	compiled by GNU C version 10.2.0, GMP version 6.2.1, MPFR version 4.1.0, MPC version 1.2.0, isl version isl-0.23-GMP

GGC heuristics: --param ggc-min-expand=100 --param ggc-min-heapsize=131072
ignoring nonexistent directory "/usr/lib/gcc/arm-none-eabi/8.3.1/../../../arm-none-eabi/sys-include"
#include "..." search starts here:
#include <...> search starts here:
 /usr/lib/gcc/arm-none-eabi/8.3.1/include
 /usr/lib/gcc/arm-none-eabi/8.3.1/include-fixed
 /usr/lib/gcc/arm-none-eabi/8.3.1/../../../arm-none-eabi/include
End of search list.
GNU C17 (15:8-2019-q3-1+b1) version 8.3.1 20190703 (release) [gcc-8-branch revision 273027] (arm-none-eabi)
	compiled by GNU C version 10.2.0, GMP version 6.2.1, MPFR version 4.1.0, MPC version 1.2.0, isl version isl-0.23-GMP

GGC heuristics: --param ggc-min-expand=100 --param ggc-min-heapsize=131072
Compiler executable checksum: 08d8385271ca9c13375db3be0c966aa0
COLLECT_GCC_OPTIONS='-v' '-o' 'CMakeFiles/cmTC_0f7e0.dir/CMakeCCompilerABI.c.o' '-c' '-mcpu=arm7tdmi' '-mfloat-abi=soft' '-marm' '-march=armv4t'
 /usr/lib/gcc/arm-none-eabi/8.3.1/../../../arm-none-eabi/bin/as -v -march=armv4t -mfloat-abi=soft -meabi=5 -o CMakeFiles/cmTC_0f7e0.dir/CMakeCCompilerABI.c.o /tmp/cceyWKok.s
GNU assembler version 2.35.2 (arm-none-eabi) using BFD version (2.35.2-2+14+b2) 2.35.2
COMPILER_PATH=/usr/lib/gcc/arm-none-eabi/8.3.1/:/usr/lib/gcc/arm-none-eabi/8.3.1/:/usr/lib/gcc/arm-none-eabi/:/usr/lib/gcc/arm-none-eabi/8.3.1/:/usr/lib/gcc/arm-none-eabi/:/usr/lib/gcc/arm-none-eabi/8.3.1/../../../arm-none-eabi/bin/
LIBRARY_PATH=/usr/lib/gcc/arm-none-eabi/8.3.1/:/usr/lib/gcc/arm-none-eabi/8.3.1/../../../arm-none-eabi/lib/
COLLECT_GCC_OPTIONS='-v' '-o' 'CMakeFiles/cmTC_0f7e0.dir/CMakeCCompilerABI.c.o' '-c' '-mcpu=arm7tdmi' '-mfloat-abi=soft' '-marm' '-march=armv4t'
Linking C executable cmTC_0f7e0
/usr/bin/cmake -E cmake_link_script CMakeFiles/cmTC_0f7e0.dir/link.txt --verbose=1
/usr/bin/arm-none-eabi-gcc  -v -rdynamic CMakeFiles/cmTC_0f7e0.dir/CMakeCCompilerABI.c.o -o cmTC_0f7e0 
Using built-in specs.
COLLECT_GCC=/usr/bin/arm-none-eabi-gcc
COLLECT_LTO_WRAPPER=/usr/lib/gcc/arm-none-eabi/8.3.1/lto-wrapper
arm-none-eabi-gcc: error: unrecognized command line option '-rdynamic'
Target: arm-none-eabi
Configured with: ../configure --build=aarch64-linux-gnu --prefix=/usr --includedir='/usr/lib/include' --mandir='/usr/lib/share/man' --infodir='/usr/lib/share/info' --sysconfdir=/etc --localstatedir=/var --disable-option-checking --disable-silent-rules --libdir='/usr/lib/lib/aarch64-linux-gnu' --libexecdir='/usr/lib/lib/aarch64-linux-gnu' --disable-maintainer-mode --disable-dependency-tracking --mandir=/usr/share/man --enable-languages=c,c++,lto --enable-multilib --disable-decimal-float --disable-libffi --disable-libgomp --disable-libmudflap --disable-libquadmath --disable-libssp --disable-libstdcxx-pch --disable-nls --disable-shared --disable-threads --enable-tls --build=aarch64-linux-gnu --target=arm-none-eabi --with-system-zlib --with-gnu-as --with-gnu-ld --with-pkgversion=15:8-2019-q3-1+b1 --without-included-gettext --prefix=/usr/lib --infodir=/usr/share/doc/gcc-arm-none-eabi/info --htmldir=/usr/share/doc/gcc-arm-none-eabi/html --pdfdir=/usr/share/doc/gcc-arm-none-eabi/pdf --bindir=/usr/bin --libexecdir=/usr/lib --libdir=/usr/lib --disable-libstdc++-v3 --host=aarch64-linux-gnu --with-headers=no --without-newlib --with-multilib-list=rmprofile CFLAGS='-g -O2 -fdebug-prefix-map=/build/gcc-arm-none-eabi-R3yFaL/gcc-arm-none-eabi-8-2019-q3=. -fstack-protector-strong' CPPFLAGS='-Wdate-time -D_FORTIFY_SOURCE=2' CXXFLAGS='-g -O2 -fdebug-prefix-map=/build/gcc-arm-none-eabi-R3yFaL/gcc-arm-none-eabi-8-2019-q3=. -fstack-protector-strong' FCFLAGS='-g -O2 -fdebug-prefix-map=/build/gcc-arm-none-eabi-R3yFaL/gcc-arm-none-eabi-8-2019-q3=. -fstack-protector-strong' FFLAGS='-g -O2 -fdebug-prefix-map=/build/gcc-arm-none-eabi-R3yFaL/gcc-arm-none-eabi-8-2019-q3=. -fstack-protector-strong' GCJFLAGS='-g -O2 -fdebug-prefix-map=/build/gcc-arm-none-eabi-R3yFaL/gcc-arm-none-eabi-8-2019-q3=. -fstack-protector-strong' LDFLAGS=-Wl,-z,relro OBJCFLAGS='-g -O2 -fdebug-prefix-map=/build/gcc-arm-none-eabi-R3yFaL/gcc-arm-none-eabi-8-2019-q3=. -fstack-protector-strong' OBJCXXFLAGS='-g -O2 -fdebug-prefix-map=/build/gcc-arm-none-eabi-R3yFaL/gcc-arm-none-eabi-8-2019-q3=. -fstack-protector-strong' INHIBIT_LIBC_CFLAGS=-DUSE_TM_CLONE_REGISTRY=0 AR_FOR_TARGET=arm-none-eabi-ar AS_FOR_TARGET=arm-none-eabi-as LD_FOR_TARGET=arm-none-eabi-ld NM_FOR_TARGET=arm-none-eabi-nm OBJDUMP_FOR_TARGET=arm-none-eabi-objdump RANLIB_FOR_TARGET=arm-none-eabi-ranlib READELF_FOR_TARGET=arm-none-eabi-readelf STRIP_FOR_TARGET=arm-none-eabi-strip
Thread model: single
gcc version 8.3.1 20190703 (release) [gcc-8-branch revision 273027] (15:8-2019-q3-1+b1) 
gmake[1]: *** [CMakeFiles/cmTC_0f7e0.dir/build.make:106: cmTC_0f7e0] Error 1
gmake[1]: Leaving directory '/home/pi/Project/ble-midi2usbhost/lib/ring_buffer_lib/build/CMakeFiles/CMakeTmp'
gmake: *** [Makefile:140: cmTC_0f7e0/fast] Error 2




Determining if the C compiler works failed with the following output:
Change Dir: /home/pi/Project/ble-midi2usbhost/lib/ring_buffer_lib/build/CMakeFiles/CMakeTmp

Run Build Command(s):/usr/bin/gmake cmTC_ad563/fast && /usr/bin/gmake  -f CMakeFiles/cmTC_ad563.dir/build.make CMakeFiles/cmTC_ad563.dir/build
gmake[1]: ディレクトリ '/home/pi/Project/ble-midi2usbhost/lib/ring_buffer_lib/build/CMakeFiles/CMakeTmp' に入ります
Building C object CMakeFiles/cmTC_ad563.dir/testCCompiler.c.o
/usr/bin/arm-none-eabi-gcc    -o CMakeFiles/cmTC_ad563.dir/testCCompiler.c.o -c /home/pi/Project/ble-midi2usbhost/lib/ring_buffer_lib/build/CMakeFiles/CMakeTmp/testCCompiler.c
Linking C executable cmTC_ad563
/usr/bin/cmake -E cmake_link_script CMakeFiles/cmTC_ad563.dir/link.txt --verbose=1
/usr/bin/arm-none-eabi-gcc -rdynamic CMakeFiles/cmTC_ad563.dir/testCCompiler.c.o -o cmTC_ad563 
arm-none-eabi-gcc: error: unrecognized command line option '-rdynamic'
gmake[1]: *** [CMakeFiles/cmTC_ad563.dir/build.make:106: cmTC_ad563] エラー 1
gmake[1]: ディレクトリ '/home/pi/Project/ble-midi2usbhost/lib/ring_buffer_lib/build/CMakeFiles/CMakeTmp' から出ます
gmake: *** [Makefile:140: cmTC_ad563/fast] エラー 2



Compiling the C compiler identification source file "CMakeCCompilerId.c" failed.
Compiler: /usr/bin/arm-none-eabi-gcc 
Build flags: 
Id flags:  

The output was:
1
/usr/lib/gcc/arm-none-eabi/8.3.1/../../../arm-none-eabi/bin/ld: /usr/lib/gcc/arm-none-eabi/8.3.1/../../../arm-none-eabi/lib/libc.a(lib_a-exit.o): in function `exit':
/build/newlib-kGgvwE/newlib-3.3.0/build/arm-none-eabi/newlib/libc/stdlib/../../../../../newlib/libc/stdlib/exit.c:64: undefined reference to `_exit'
collect2: error: ld returned 1 exit status


Compiling the CXX compiler identification source file "CMakeCXXCompilerId.cpp" failed.
Compiler: /usr/bin/arm-none-eabi-g++ 
Build flags: 
Id flags:  

The output was:
1
/usr/lib/gcc/arm-none-eabi/8.3.1/../../../arm-none-eabi/bin/ld: /usr/lib/gcc/arm-none-eabi/8.3.1/../../../arm-none-eabi/lib/libc.a(lib_a-exit.o): in function `exit':
/build/newlib-kGgvwE/newlib-3.3.0/build/arm-none-eabi/newlib/libc/stdlib/../../../../../newlib/libc/stdlib/exit.c:64: undefined reference to `_exit'
collect2: error: ld returned 1 exit status


Detecting C compiler ABI info failed to compile with the following output:
Change Dir: /home/pi/Project/ble-midi2usbhost/lib/ring_buffer_lib/build/CMakeFiles/CMakeTmp

Run Build Command(s):/usr/bin/gmake cmTC_c4322/fast && /usr/bin/gmake  -f CMakeFiles/cmTC_c4322.dir/build.make CMakeFiles/cmTC_c4322.dir/build
gmake[1]: Entering directory '/home/pi/Project/ble-midi2usbhost/lib/ring_buffer_lib/build/CMakeFiles/CMakeTmp'
Building C object CMakeFiles/cmTC_c4322.dir/CMakeCCompilerABI.c.o
/usr/bin/arm-none-eabi-gcc   -v -o CMakeFiles/cmTC_c4322.dir/CMakeCCompilerABI.c.o -c /usr/share/cmake-3.18/Modules/CMakeCCompilerABI.c
Using built-in specs.
COLLECT_GCC=/usr/bin/arm-none-eabi-gcc
Target: arm-none-eabi
Configured with: ../configure --build=aarch64-linux-gnu --prefix=/usr --includedir='/usr/lib/include' --mandir='/usr/lib/share/man' --infodir='/usr/lib/share/info' --sysconfdir=/etc --localstatedir=/var --disable-option-checking --disable-silent-rules --libdir='/usr/lib/lib/aarch64-linux-gnu' --libexecdir='/usr/lib/lib/aarch64-linux-gnu' --disable-maintainer-mode --disable-dependency-tracking --mandir=/usr/share/man --enable-languages=c,c++,lto --enable-multilib --disable-decimal-float --disable-libffi --disable-libgomp --disable-libmudflap --disable-libquadmath --disable-libssp --disable-libstdcxx-pch --disable-nls --disable-shared --disable-threads --enable-tls --build=aarch64-linux-gnu --target=arm-none-eabi --with-system-zlib --with-gnu-as --with-gnu-ld --with-pkgversion=15:8-2019-q3-1+b1 --without-included-gettext --prefix=/usr/lib --infodir=/usr/share/doc/gcc-arm-none-eabi/info --htmldir=/usr/share/doc/gcc-arm-none-eabi/html --pdfdir=/usr/share/doc/gcc-arm-none-eabi/pdf --bindir=/usr/bin --libexecdir=/usr/lib --libdir=/usr/lib --disable-libstdc++-v3 --host=aarch64-linux-gnu --with-headers=no --without-newlib --with-multilib-list=rmprofile CFLAGS='-g -O2 -fdebug-prefix-map=/build/gcc-arm-none-eabi-R3yFaL/gcc-arm-none-eabi-8-2019-q3=. -fstack-protector-strong' CPPFLAGS='-Wdate-time -D_FORTIFY_SOURCE=2' CXXFLAGS='-g -O2 -fdebug-prefix-map=/build/gcc-arm-none-eabi-R3yFaL/gcc-arm-none-eabi-8-2019-q3=. -fstack-protector-strong' FCFLAGS='-g -O2 -fdebug-prefix-map=/build/gcc-arm-none-eabi-R3yFaL/gcc-arm-none-eabi-8-2019-q3=. -fstack-protector-strong' FFLAGS='-g -O2 -fdebug-prefix-map=/build/gcc-arm-none-eabi-R3yFaL/gcc-arm-none-eabi-8-2019-q3=. -fstack-protector-strong' GCJFLAGS='-g -O2 -fdebug-prefix-map=/build/gcc-arm-none-eabi-R3yFaL/gcc-arm-none-eabi-8-2019-q3=. -fstack-protector-strong' LDFLAGS=-Wl,-z,relro OBJCFLAGS='-g -O2 -fdebug-prefix-map=/build/gcc-arm-none-eabi-R3yFaL/gcc-arm-none-eabi-8-2019-q3=. -fstack-protector-strong' OBJCXXFLAGS='-g -O2 -fdebug-prefix-map=/build/gcc-arm-none-eabi-R3yFaL/gcc-arm-none-eabi-8-2019-q3=. -fstack-protector-strong' INHIBIT_LIBC_CFLAGS=-DUSE_TM_CLONE_REGISTRY=0 AR_FOR_TARGET=arm-none-eabi-ar AS_FOR_TARGET=arm-none-eabi-as LD_FOR_TARGET=arm-none-eabi-ld NM_FOR_TARGET=arm-none-eabi-nm OBJDUMP_FOR_TARGET=arm-none-eabi-objdump RANLIB_FOR_TARGET=arm-none-eabi-ranlib READELF_FOR_TARGET=arm-none-eabi-readelf STRIP_FOR_TARGET=arm-none-eabi-strip
Thread model: single
gcc version 8.3.1 20190703 (release) [gcc-8-branch revision 273027] (15:8-2019-q3-1+b1) 
COLLECT_GCC_OPTIONS='-v' '-o' 'CMakeFiles/cmTC_c4322.dir/CMakeCCompilerABI.c.o' '-c' '-mcpu=arm7tdmi' '-mfloat-abi=soft' '-marm' '-march=armv4t'
 /usr/lib/gcc/arm-none-eabi/8.3.1/cc1 -quiet -v -D__USES_INITFINI__ /usr/share/cmake-3.18/Modules/CMakeCCompilerABI.c -quiet -dumpbase CMakeCCompilerABI.c -mcpu=arm7tdmi -mfloat-abi=soft -marm -march=armv4t -auxbase-strip CMakeFiles/cmTC_c4322.dir/CMakeCCompilerABI.c.o -version -o /tmp/ccqR9y3n.s
GNU C17 (15:8-2019-q3-1+b1) version 8.3.1 20190703 (release) [gcc-8-branch revision 273027] (arm-none-eabi)
	compiled by GNU C version 10.2.0, GMP version 6.2.1, MPFR version 4.1.0, MPC version 1.2.0, isl version isl-0.23-GMP

GGC heuristics: --param ggc-min-expand=100 --param ggc-min-heapsize=131072
ignoring nonexistent directory "/usr/lib/gcc/arm-none-eabi/8.3.1/../../../arm-none-eabi/sys-include"
#include "..." search starts here:
#include <...> search starts here:
 /usr/lib/gcc/arm-none-eabi/8.3.1/include
 /usr/lib/gcc/arm-none-eabi/8.3.1/include-fixed
 /usr/lib/gcc/arm-none-eabi/8.3.1/../../../arm-none-eabi/include
End of search list.
GNU C17 (15:8-2019-q3-1+b1) version 8.3.1 20190703 (release) [gcc-8-branch revision 273027] (arm-none-eabi)
	compiled by GNU C version 10.2.0, GMP version 6.2.1, MPFR version 4.1.0, MPC version 1.2.0, isl version isl-0.23-GMP

GGC heuristics: --param ggc-min-expand=100 --param ggc-min-heapsize=131072
Compiler executable checksum: 08d8385271ca9c13375db3be0c966aa0
COLLECT_GCC_OPTIONS='-v' '-o' 'CMakeFiles/cmTC_c4322.dir/CMakeCCompilerABI.c.o' '-c' '-mcpu=arm7tdmi' '-mfloat-abi=soft' '-marm' '-march=armv4t'
 /usr/lib/gcc/arm-none-eabi/8.3.1/../../../arm-none-eabi/bin/as -v -march=armv4t -mfloat-abi=soft -meabi=5 -o CMakeFiles/cmTC_c4322.dir/CMakeCCompilerABI.c.o /tmp/ccqR9y3n.s
GNU assembler version 2.35.2 (arm-none-eabi) using BFD version (2.35.2-2+14+b2) 2.35.2
COMPILER_PATH=/usr/lib/gcc/arm-none-eabi/8.3.1/:/usr/lib/gcc/arm-none-eabi/8.3.1/:/usr/lib/gcc/arm-none-eabi/:/usr/lib/gcc/arm-none-eabi/8.3.1/:/usr/lib/gcc/arm-none-eabi/:/usr/lib/gcc/arm-none-eabi/8.3.1/../../../arm-none-eabi/bin/
LIBRARY_PATH=/usr/lib/gcc/arm-none-eabi/8.3.1/:/usr/lib/gcc/arm-none-eabi/8.3.1/../../../arm-none-eabi/lib/
COLLECT_GCC_OPTIONS='-v' '-o' 'CMakeFiles/cmTC_c4322.dir/CMakeCCompilerABI.c.o' '-c' '-mcpu=arm7tdmi' '-mfloat-abi=soft' '-marm' '-march=armv4t'
Linking C executable cmTC_c4322
/usr/bin/cmake -E cmake_link_script CMakeFiles/cmTC_c4322.dir/link.txt --verbose=1
/usr/bin/arm-none-eabi-gcc  -v -rdynamic CMakeFiles/cmTC_c4322.dir/CMakeCCompilerABI.c.o -o cmTC_c4322 
Using built-in specs.
COLLECT_GCC=/usr/bin/arm-none-eabi-gcc
COLLECT_LTO_WRAPPER=/usr/lib/gcc/arm-none-eabi/8.3.1/lto-wrapper
arm-none-eabi-gcc: error: unrecognized command line option '-rdynamic'
Target: arm-none-eabi
Configured with: ../configure --build=aarch64-linux-gnu --prefix=/usr --includedir='/usr/lib/include' --mandir='/usr/lib/share/man' --infodir='/usr/lib/share/info' --sysconfdir=/etc --localstatedir=/var --disable-option-checking --disable-silent-rules --libdir='/usr/lib/lib/aarch64-linux-gnu' --libexecdir='/usr/lib/lib/aarch64-linux-gnu' --disable-maintainer-mode --disable-dependency-tracking --mandir=/usr/share/man --enable-languages=c,c++,lto --enable-multilib --disable-decimal-float --disable-libffi --disable-libgomp --disable-libmudflap --disable-libquadmath --disable-libssp --disable-libstdcxx-pch --disable-nls --disable-shared --disable-threads --enable-tls --build=aarch64-linux-gnu --target=arm-none-eabi --with-system-zlib --with-gnu-as --with-gnu-ld --with-pkgversion=15:8-2019-q3-1+b1 --without-included-gettext --prefix=/usr/lib --infodir=/usr/share/doc/gcc-arm-none-eabi/info --htmldir=/usr/share/doc/gcc-arm-none-eabi/html --pdfdir=/usr/share/doc/gcc-arm-none-eabi/pdf --bindir=/usr/bin --libexecdir=/usr/lib --libdir=/usr/lib --disable-libstdc++-v3 --host=aarch64-linux-gnu --with-headers=no --without-newlib --with-multilib-list=rmprofile CFLAGS='-g -O2 -fdebug-prefix-map=/build/gcc-arm-none-eabi-R3yFaL/gcc-arm-none-eabi-8-2019-q3=. -fstack-protector-strong' CPPFLAGS='-Wdate-time -D_FORTIFY_SOURCE=2' CXXFLAGS='-g -O2 -fdebug-prefix-map=/build/gcc-arm-none-eabi-R3yFaL/gcc-arm-none-eabi-8-2019-q3=. -fstack-protector-strong' FCFLAGS='-g -O2 -fdebug-prefix-map=/build/gcc-arm-none-eabi-R3yFaL/gcc-arm-none-eabi-8-2019-q3=. -fstack-protector-strong' FFLAGS='-g -O2 -fdebug-prefix-map=/build/gcc-arm-none-eabi-R3yFaL/gcc-arm-none-eabi-8-2019-q3=. -fstack-protector-strong' GCJFLAGS='-g -O2 -fdebug-prefix-map=/build/gcc-arm-none-eabi-R3yFaL/gcc-arm-none-eabi-8-2019-q3=. -fstack-protector-strong' LDFLAGS=-Wl,-z,relro OBJCFLAGS='-g -O2 -fdebug-prefix-map=/build/gcc-arm-none-eabi-R3yFaL/gcc-arm-none-eabi-8-2019-q3=. -fstack-protector-strong' OBJCXXFLAGS='-g -O2 -fdebug-prefix-map=/build/gcc-arm-none-eabi-R3yFaL/gcc-arm-none-eabi-8-2019-q3=. -fstack-protector-strong' INHIBIT_LIBC_CFLAGS=-DUSE_TM_CLONE_REGISTRY=0 AR_FOR_TARGET=arm-none-eabi-ar AS_FOR_TARGET=arm-none-eabi-as LD_FOR_TARGET=arm-none-eabi-ld NM_FOR_TARGET=arm-none-eabi-nm OBJDUMP_FOR_TARGET=arm-none-eabi-objdump RANLIB_FOR_TARGET=arm-none-eabi-ranlib READELF_FOR_TARGET=arm-none-eabi-readelf STRIP_FOR_TARGET=arm-none-eabi-strip
Thread model: single
gcc version 8.3.1 20190703 (release) [gcc-8-branch revision 273027] (15:8-2019-q3-1+b1) 
gmake[1]: *** [CMakeFiles/cmTC_c4322.dir/build.make:106: cmTC_c4322] Error 1
gmake[1]: Leaving directory '/home/pi/Project/ble-midi2usbhost/lib/ring_buffer_lib/build/CMakeFiles/CMakeTmp'
gmake: *** [Makefile:140: cmTC_c4322/fast] Error 2




Determining if the C compiler works failed with the following output:
Change Dir: /home/pi/Project/ble-midi2usbhost/lib/ring_buffer_lib/build/CMakeFiles/CMakeTmp

Run Build Command(s):/usr/bin/gmake cmTC_c00cf/fast && /usr/bin/gmake  -f CMakeFiles/cmTC_c00cf.dir/build.make CMakeFiles/cmTC_c00cf.dir/build
gmake[1]: ディレクトリ '/home/pi/Project/ble-midi2usbhost/lib/ring_buffer_lib/build/CMakeFiles/CMakeTmp' に入ります
Building C object CMakeFiles/cmTC_c00cf.dir/testCCompiler.c.o
/usr/bin/arm-none-eabi-gcc    -o CMakeFiles/cmTC_c00cf.dir/testCCompiler.c.o -c /home/pi/Project/ble-midi2usbhost/lib/ring_buffer_lib/build/CMakeFiles/CMakeTmp/testCCompiler.c
Linking C executable cmTC_c00cf
/usr/bin/cmake -E cmake_link_script CMakeFiles/cmTC_c00cf.dir/link.txt --verbose=1
/usr/bin/arm-none-eabi-gcc -rdynamic CMakeFiles/cmTC_c00cf.dir/testCCompiler.c.o -o cmTC_c00cf 
arm-none-eabi-gcc: error: unrecognized command line option '-rdynamic'
gmake[1]: *** [CMakeFiles/cmTC_c00cf.dir/build.make:106: cmTC_c00cf] エラー 1
gmake[1]: ディレクトリ '/home/pi/Project/ble-midi2usbhost/lib/ring_buffer_lib/build/CMakeFiles/CMakeTmp' から出ます
gmake: *** [Makefile:140: cmTC_c00cf/fast] エラー 2



